17:24:44 **** Incremental Build of configuration Debug for project GPIO_DriverDevelopment ****
make -j8 all 
arm-none-eabi-gcc "../Src/i2c_exercise.c" -mcpu=cortex-m4 -std=gnu11 -g3 -DDEBUG -DSTM32 -DSTM32F407G_DISC1 -DSTM32F4 -DSTM32F407VGTx -c -I"C:/LowLevelDriverDevelopment/Workspace_LLDD/STM32_GPIO/GPIO_DriverDevelopment/drivers/inc" -O0 -ffunction-sections -fdata-sections -Wall -fstack-usage -fcyclomatic-complexity -MMD -MP -MF"Src/i2c_exercise.d" -MT"Src/i2c_exercise.o" --specs=nano.specs -mfpu=fpv4-sp-d16 -mfloat-abi=hard -mthumb -o "Src/i2c_exercise.o"
../Src/i2c_exercise.c: In function 'main':
../Src/i2c_exercise.c:132:67: warning: pointer targets in passing argument 1 of 'strlen' differ in signedness [-Wpointer-sign]
  132 |                 I2C_MasterSendData(&I2C1Handle, some_data, strlen(some_data), SLAVE_ADDRESS);
      |                                                                   ^~~~~~~~~
      |                                                                   |
      |                                                                   uint8_t * {aka unsigned char *}
In file included from ../Src/i2c_exercise.c:27:
C:\ST\STM32CubeIDE_1.17.0\STM32CubeIDE\plugins\com.st.stm32cube.ide.mcu.externaltools.gnu-tools-for-stm32.12.3.rel1.win32_1.1.0.202410251130\tools\bin/../lib/gcc/arm-none-eabi/12.3.1/../../../../arm-none-eabi/include/string.h:41:18: note: expected 'const char *' but argument is of type 'uint8_t *' {aka 'unsigned char *'}
   41 | size_t   strlen (const char *);
      |                  ^~~~~~~~~~~~
arm-none-eabi-gcc -o "GPIO_DriverDevelopment.elf" @"objects.list"   -mcpu=cortex-m4 -T"C:\LowLevelDriverDevelopment\Workspace_LLDD\STM32_GPIO\GPIO_DriverDevelopment\STM32F407VGTX_FLASH.ld" --specs=nosys.specs -Wl,-Map="GPIO_DriverDevelopment.map" -Wl,--gc-sections -static --specs=nano.specs -mfpu=fpv4-sp-d16 -mfloat-abi=hard -mthumb -Wl,--start-group -lc -lm -Wl,--end-group
Finished building target: GPIO_DriverDevelopment.elf
 
arm-none-eabi-size  GPIO_DriverDevelopment.elf 
arm-none-eabi-objdump -h -S GPIO_DriverDevelopment.elf  > "GPIO_DriverDevelopment.list"
   text	   data	    bss	    dec	    hex	filename
   3528	     64	   1576	   5168	   1430	GPIO_DriverDevelopment.elf
Finished building: default.size.stdout
 
Finished building: GPIO_DriverDevelopment.list
 

17:24:44 Build Finished. 0 errors, 1 warnings. (took 456ms)

